Build started 2019/5/9 14:57:33.
     1>Project "D:\Code\old-projects\CABAC\build\CMakeFiles\2.8.10.2\CompilerIdC\CompilerIdC.vcxproj" on node 2 (build target(s)).
     1>InitializeBuildStatus:
         Creating "Debug\CompilerIdC.unsuccessfulbuild" because "AlwaysCreate" was specified.
       ClCompile:
         D:\Program Files (x86)\Microsoft Visual Studio 10.0\VC\bin\x86_amd64\CL.exe /c /nologo /W0 /WX- /Od /D _MBCS /Gm- /EHsc /RTC1 /MDd /GS /fp:precise /Zc:wchar_t /Zc:forScope /Fo"Debug\\" /Fd"Debug\vc100.pdb" /Gd /TC /errorReport:prompt CMakeCCompilerId.c
         CMakeCCompilerId.c
       Link:
         D:\Program Files (x86)\Microsoft Visual Studio 10.0\VC\bin\x86_amd64\link.exe /ERRORREPORT:PROMPT /OUT:".\CompilerIdC.exe" /INCREMENTAL:NO /NOLOGO kernel32.lib user32.lib gdi32.lib winspool.lib comdlg32.lib advapi32.lib shell32.lib ole32.lib oleaut32.lib uuid.lib odbc32.lib odbccp32.lib /MANIFEST /ManifestFile:"Debug\CompilerIdC.exe.intermediate.manifest" /MANIFESTUAC:"level='asInvoker' uiAccess='false'" /PDB:"D:\Code\old-projects\CABAC\build\CMakeFiles\2.8.10.2\CompilerIdC\CompilerIdC.pdb" /SUBSYSTEM:CONSOLE /TLBID:1 /DYNAMICBASE /NXCOMPAT /IMPLIB:".\CompilerIdC.lib" /MACHINE:X64 Debug\CMakeCCompilerId.obj
         CompilerIdC.vcxproj -> D:\Code\old-projects\CABAC\build\CMakeFiles\2.8.10.2\CompilerIdC\.\CompilerIdC.exe
       Manifest:
         c:\Program Files (x86)\Microsoft SDKs\Windows\v7.0A\bin\mt.exe /nologo /verbose /outputresource:".\CompilerIdC.exe;#1" /manifest Debug\CompilerIdC.exe.intermediate.manifest
       PostBuildEvent:
         for %%i in (cl.exe) do @echo CMAKE_C_COMPILER=%%~$PATH:i
         :VCEnd
         CMAKE_C_COMPILER=D:\Program Files (x86)\Microsoft Visual Studio 10.0\VC\bin\x86_amd64\cl.exe
       FinalizeBuildStatus:
         Deleting file "Debug\CompilerIdC.unsuccessfulbuild".
         Touching "Debug\CompilerIdC.lastbuildstate".
     1>Done Building Project "D:\Code\old-projects\CABAC\build\CMakeFiles\2.8.10.2\CompilerIdC\CompilerIdC.vcxproj" (build target(s)).

Build succeeded.

Time Elapsed 00:00:01.55
